07/08/09 16:23:21 Notification ==>Téléchargement du fichier AdobeFlex2.war...

07/08/09 16:23:21 Notification ==>Téléchargement du fichier AdobeFlex2.war...

07/08/09 16:23:22 Notification ==>Téléchargement du fichier AdobeFlex2.war...

07/08/09 16:23:22 Notification ==>Téléchargement du fichier AdobeFlex2.war...

07/08/09 16:23:22 Notification ==>Téléchargement du fichier AdobeFlex2.war...

07/08/09 16:23:22 Notification ==>Téléchargement du fichier AdobeFlex2.war...

07/08/09 16:23:23 Notification ==>Téléchargement du fichier AdobeFlex2.war...

07/08/09 16:23:23 Notification ==>Téléchargement du fichier AdobeFlex2.war...

07/08/09 16:23:23 Notification ==>Téléchargement du fichier AdobeFlex2.war...

07/08/09 16:23:23 Notification ==>Téléchargement du fichier AdobeFlex2.war...

07/08/09 16:23:24 Notification ==>Téléchargement du fichier AdobeFlex2.war...

07/08/09 16:23:25 Notification ==>L'opération Application Deployer sur AdobeFlex2 est démarrée.

07/08/09 16:23:25 Notification ==>Copier l'archive vers C:\JEE_HOME\Oracle-OC4J-10g\j2ee\home\applications\AdobeFlex2.ear

07/08/09 16:23:25 Notification ==>Début de l'initialisation de C:\JEE_HOME\Oracle-OC4J-10g\j2ee\home\applications\AdobeFlex2.ear...

07/08/09 16:23:25 Notification ==>Décompression de AdobeFlex2.ear

07/08/09 16:23:25 Notification ==>Décompression de AdobeFlex2.ear terminée

07/08/09 16:23:25 Notification ==>Décompression de AdobeFlex2.war

07/08/09 16:23:27 Notification ==>Décompression de AdobeFlex2.war terminée

07/08/09 16:23:27 Notification ==>Fin de l'initialisation de C:\JEE_HOME\Oracle-OC4J-10g\j2ee\home\applications\AdobeFlex2.ear...

07/08/09 16:23:27 Notification ==>Démarrage de l'application : AdobeFlex2

07/08/09 16:23:27 Notification ==>Initialisation des chargeurs de classe

07/08/09 16:23:27 Notification ==>Initialisation du conteneur EJB

07/08/09 16:23:27 Notification ==>Initialisation du ou des connecteurs

07/08/09 16:23:27 Notification ==>Lancement des adaptateurs de ressource

07/08/09 16:23:27 Notification ==>Initialisation des sessions EJB

07/08/09 16:23:27 Notification ==>Validation (commit) des chargeurs de classe

07/08/09 16:23:27 Notification ==>Début de l'initialisation de AdobeFlex2...

07/08/09 16:23:27 Notification ==>Fin de l'initialisation de AdobeFlex2...

07/08/09 16:23:27 Notification ==>Application démarrée : AdobeFlex2

07/08/09 16:23:27 Notification ==>Début de la liaison des applications Web au site default-web-site...

07/08/09 16:23:27 Notification ==>Liaison du module Web AdobeFlex2 de l'application AdobeFlex2 au site default-web-site sous la racine de contexte /AdobeFlex2

07/08/09 16:23:28 Notification ==>Initialisation du servlet flex.messaging.MessageBrokerServlet pour l'application Web AdobeFlex2

07/08/09 16:23:29 Notification ==>Initialisation du servlet flex.bootstrap.BootstrapServlet pour l'application Web AdobeFlex2

07/08/09 16:23:30 Notification ==>Initialisation du servlet flex.bootstrap.BootstrapServlet pour l'application Web AdobeFlex2

07/08/09 16:23:30 Notification ==>Initialisation du servlet flex.bootstrap.BootstrapServlet pour l'application Web AdobeFlex2

07/08/09 16:23:30 Notification ==>Fin de la liaison des applications Web au site default-web-site...

07/08/09 16:23:30 Notification ==>L'opération Application Deployer sur AdobeFlex2 est terminée. Durée : 5031 msecs

07/08/09 16:35:03 Notification ==>Téléchargement du fichier AdobeFlex2.war...

07/08/09 16:35:04 Notification ==>Téléchargement du fichier AdobeFlex2.war...

07/08/09 16:35:04 Notification ==>Téléchargement du fichier AdobeFlex2.war...

07/08/09 16:35:04 Notification ==>Téléchargement du fichier AdobeFlex2.war...

07/08/09 16:35:05 Notification ==>Téléchargement du fichier AdobeFlex2.war...

07/08/09 16:35:05 Notification ==>Téléchargement du fichier AdobeFlex2.war...

07/08/09 16:35:05 Notification ==>Téléchargement du fichier AdobeFlex2.war...

07/08/09 16:35:05 Notification ==>Téléchargement du fichier AdobeFlex2.war...

07/08/09 16:35:05 Notification ==>Téléchargement du fichier AdobeFlex2.war...

07/08/09 16:35:06 Notification ==>Téléchargement du fichier AdobeFlex2.war...

07/08/09 16:35:06 Notification ==>Téléchargement du fichier AdobeFlex2.war...

07/08/09 16:35:08 Notification ==>L'opération Application Deployer sur AdobeFlex2 est démarrée.

07/08/09 16:35:09 Notification ==>Copier l'archive vers C:\JEE_HOME\Oracle-OC4J-10g\j2ee\home\applications\AdobeFlex2.ear

07/08/09 16:35:09 Notification ==>Début de l'initialisation de C:\JEE_HOME\Oracle-OC4J-10g\j2ee\home\applications\AdobeFlex2.ear...

07/08/09 16:35:09 Notification ==>Suppression de tout ce qui figure sous : C:\JEE_HOME\Oracle-OC4J-10g\j2ee\home\applications\AdobeFlex2

07/08/09 16:35:09 Notification ==>Avertissement : Erreur lors de la décompression automatique de C:\JEE_HOME\Oracle-OC4J-10g\j2ee\home\applications\AdobeFlex2

07/08/09 16:35:09 Notification ==>Décompression de AdobeFlex2.ear

07/08/09 16:35:09 Notification ==>Décompression de AdobeFlex2.ear terminée

07/08/09 16:35:09 Notification ==>Suppression de tout ce qui figure sous : C:\JEE_HOME\Oracle-OC4J-10g\j2ee\home\applications\AdobeFlex2\AdobeFlex2

07/08/09 16:35:09 Notification ==>Avertissement : Erreur lors de la décompression automatique de C:\JEE_HOME\Oracle-OC4J-10g\j2ee\home\applications\AdobeFlex2\AdobeFlex2

07/08/09 16:35:09 Notification ==>Décompression de AdobeFlex2.war

07/08/09 16:35:11 Notification ==>Décompression de AdobeFlex2.war terminée

07/08/09 16:35:11 Notification ==>Fin de l'initialisation de C:\JEE_HOME\Oracle-OC4J-10g\j2ee\home\applications\AdobeFlex2.ear...

07/08/09 16:35:11 Notification ==>Démarrage de l'application : AdobeFlex2

07/08/09 16:35:11 Notification ==>Initialisation des chargeurs de classe

07/08/09 16:35:11 Notification ==>Initialisation du conteneur EJB

07/08/09 16:35:11 Notification ==>Initialisation du ou des connecteurs

07/08/09 16:35:11 Notification ==>Lancement des adaptateurs de ressource

07/08/09 16:35:11 Notification ==>Initialisation des sessions EJB

07/08/09 16:35:11 Notification ==>Validation (commit) des chargeurs de classe

07/08/09 16:35:11 Notification ==>Début de l'initialisation de AdobeFlex2...

07/08/09 16:35:11 Notification ==>Fin de l'initialisation de AdobeFlex2...

07/08/09 16:35:11 Notification ==>Application démarrée : AdobeFlex2

07/08/09 16:35:11 Notification ==>Début de la liaison des applications Web au site default-web-site...

07/08/09 16:35:11 Notification ==>Liaison du module Web AdobeFlex2 de l'application AdobeFlex2 au site default-web-site sous la racine de contexte /AdobeFlex2

07/08/09 16:35:13 Notification ==>Initialisation du servlet flex.messaging.MessageBrokerServlet pour l'application Web AdobeFlex2

07/08/09 16:35:15 Notification ==>Initialisation du servlet flex.bootstrap.BootstrapServlet pour l'application Web AdobeFlex2

07/08/09 16:35:16 Notification ==>Initialisation du servlet flex.bootstrap.BootstrapServlet pour l'application Web AdobeFlex2

07/08/09 16:35:16 Notification ==>Initialisation du servlet flex.bootstrap.BootstrapServlet pour l'application Web AdobeFlex2

07/08/09 16:35:16 Notification ==>Fin de la liaison des applications Web au site default-web-site...

07/08/09 16:35:16 Notification ==>L'opération Application Deployer sur AdobeFlex2 est terminée. Durée : 8422 msecs

07/08/10 15:59:28 Notification ==>Téléchargement du fichier AdobeFlex2.war...

07/08/10 15:59:29 Notification ==>Téléchargement du fichier AdobeFlex2.war...

07/08/10 15:59:29 Notification ==>Téléchargement du fichier AdobeFlex2.war...

07/08/10 15:59:29 Notification ==>Téléchargement du fichier AdobeFlex2.war...

07/08/10 15:59:29 Notification ==>Téléchargement du fichier AdobeFlex2.war...

07/08/10 15:59:30 Notification ==>Téléchargement du fichier AdobeFlex2.war...

07/08/10 15:59:30 Notification ==>Téléchargement du fichier AdobeFlex2.war...

07/08/10 15:59:30 Notification ==>Téléchargement du fichier AdobeFlex2.war...

07/08/10 15:59:31 Notification ==>Téléchargement du fichier AdobeFlex2.war...

07/08/10 15:59:31 Notification ==>Téléchargement du fichier AdobeFlex2.war...

07/08/10 15:59:31 Notification ==>Téléchargement du fichier AdobeFlex2.war...

07/08/10 15:59:32 Notification ==>L'opération Application Deployer sur AdobeFlex2 est démarrée.

07/08/10 15:59:32 Notification ==>Copier l'archive vers C:\JEE_HOME\Oracle-OC4J-10g\j2ee\home\applications\AdobeFlex2.ear

07/08/10 15:59:32 Notification ==>Début de l'initialisation de C:\JEE_HOME\Oracle-OC4J-10g\j2ee\home\applications\AdobeFlex2.ear...

07/08/10 15:59:32 Notification ==>Suppression de tout ce qui figure sous : C:\JEE_HOME\Oracle-OC4J-10g\j2ee\home\applications\AdobeFlex2

07/08/10 15:59:33 Notification ==>Décompression de AdobeFlex2.ear

07/08/10 15:59:33 Notification ==>Décompression de AdobeFlex2.ear terminée

07/08/10 15:59:33 Notification ==>Décompression de AdobeFlex2.war

07/08/10 15:59:35 Notification ==>Décompression de AdobeFlex2.war terminée

07/08/10 15:59:35 Notification ==>Fin de l'initialisation de C:\JEE_HOME\Oracle-OC4J-10g\j2ee\home\applications\AdobeFlex2.ear...

07/08/10 15:59:35 Notification ==>Démarrage de l'application : AdobeFlex2

07/08/10 15:59:35 Notification ==>Initialisation des chargeurs de classe

07/08/10 15:59:35 Notification ==>Initialisation du conteneur EJB

07/08/10 15:59:35 Notification ==>Initialisation du ou des connecteurs

07/08/10 15:59:36 Notification ==>Lancement des adaptateurs de ressource

07/08/10 15:59:36 Notification ==>Initialisation des sessions EJB

07/08/10 15:59:36 Notification ==>Validation (commit) des chargeurs de classe

07/08/10 15:59:36 Notification ==>Début de l'initialisation de AdobeFlex2...

07/08/10 15:59:36 Notification ==>Fin de l'initialisation de AdobeFlex2...

07/08/10 15:59:36 Notification ==>Application démarrée : AdobeFlex2

07/08/10 15:59:37 Notification ==>Début de la liaison des applications Web au site default-web-site...

07/08/10 15:59:37 Notification ==>Liaison du module Web AdobeFlex2 de l'application AdobeFlex2 au site default-web-site sous la racine de contexte /AdobeFlex2

07/08/10 15:59:37 Notification ==>Initialisation du servlet flex.messaging.MessageBrokerServlet pour l'application Web AdobeFlex2

07/08/10 15:59:38 Notification ==>Initialisation du servlet flex.bootstrap.BootstrapServlet pour l'application Web AdobeFlex2

07/08/10 15:59:39 Notification ==>Initialisation du servlet flex.bootstrap.BootstrapServlet pour l'application Web AdobeFlex2

07/08/10 15:59:39 Notification ==>Initialisation du servlet flex.bootstrap.BootstrapServlet pour l'application Web AdobeFlex2

07/08/10 15:59:39 Notification ==>Fin de la liaison des applications Web au site default-web-site...

07/08/10 15:59:39 Notification ==>L'opération Application Deployer sur AdobeFlex2 est terminée. Durée : 6625 msecs

